dartaran 41338 Sun Mar  6 16:31:32 2016
Starting avatar 0
./amazing_client 0 2 0 129.170.214.115 41338 ../results/Amazing_dartaran_2_0.log &
Starting avatar 1
./amazing_client 1 2 0 129.170.214.115 41338 ../results/Amazing_dartaran_2_0.log &
Avatar ID 0 sent avatar ready.
Avatar ID 1 sent avatar ready.
received msg: AM_AVATAR_TURN (TurnId: 0,, a0 = (0,2), a1 = (3,2), a2 = (-1,-1), a3 = (-1,-1), a4 = (-1,-1), a5 = (-1,-1), a6 = (-1,-1), a7 = (-1,-1), a8 = (-1,-1), a9 = (-1,-1))
sent msg: AM_AVATAR_MOVE (AvatarId = 0, Direction = 8)
received msg: AM_AVATAR_TURN (TurnId: 1,, a0 = (0,2), a1 = (3,2), a2 = (-1,-1), a3 = (-1,-1), a4 = (-1,-1), a5 = (-1,-1), a6 = (-1,-1), a7 = (-1,-1), a8 = (-1,-1), a9 = (-1,-1))
sent msg: AM_AVATAR_MOVE (AvatarId = 1, Direction = 2)
received msg: AM_AVATAR_TURN (TurnId: 0,, a0 = (0,2), a1 = (3,2), a2 = (-1,-1), a3 = (-1,-1), a4 = (-1,-1), a5 = (-1,-1), a6 = (-1,-1), a7 = (-1,-1), a8 = (-1,-1), a9 = (-1,-1))
sent msg: AM_AVATAR_MOVE (AvatarId = 0, Direction = 8)
received msg: AM_AVATAR_TURN (TurnId: 1,, a0 = (0,2), a1 = (3,2), a2 = (-1,-1), a3 = (-1,-1), a4 = (-1,-1), a5 = (-1,-1), a6 = (-1,-1), a7 = (-1,-1), a8 = (-1,-1), a9 = (-1,-1))
sent msg: AM_AVATAR_MOVE (AvatarId = 1, Direction = 0)
received msg: AM_AVATAR_TURN (TurnId: 0,, a0 = (0,2), a1 = (3,2), a2 = (-1,-1), a3 = (-1,-1), a4 = (-1,-1), a5 = (-1,-1), a6 = (-1,-1), a7 = (-1,-1), a8 = (-1,-1), a9 = (-1,-1))
sent msg: AM_AVATAR_MOVE (AvatarId = 0, Direction = 8)
received msg: AM_AVATAR_TURN (TurnId: 1,, a0 = (0,2), a1 = (3,2), a2 = (-1,-1), a3 = (-1,-1), a4 = (-1,-1), a5 = (-1,-1), a6 = (-1,-1), a7 = (-1,-1), a8 = (-1,-1), a9 = (-1,-1))
sent msg: AM_AVATAR_MOVE (AvatarId = 1, Direction = 1)
received msg: AM_AVATAR_TURN (TurnId: 0,, a0 = (0,2), a1 = (3,1), a2 = (-1,-1), a3 = (-1,-1), a4 = (-1,-1), a5 = (-1,-1), a6 = (-1,-1), a7 = (-1,-1), a8 = (-1,-1), a9 = (-1,-1))
sent msg: AM_AVATAR_MOVE (AvatarId = 0, Direction = 8)
received msg: AM_AVATAR_TURN (TurnId: 1,, a0 = (0,2), a1 = (3,1), a2 = (-1,-1), a3 = (-1,-1), a4 = (-1,-1), a5 = (-1,-1), a6 = (-1,-1), a7 = (-1,-1), a8 = (-1,-1), a9 = (-1,-1))
sent msg: AM_AVATAR_MOVE (AvatarId = 1, Direction = 0)
received msg: AM_AVATAR_TURN (TurnId: 0,, a0 = (0,2), a1 = (3,1), a2 = (-1,-1), a3 = (-1,-1), a4 = (-1,-1), a5 = (-1,-1), a6 = (-1,-1), a7 = (-1,-1), a8 = (-1,-1), a9 = (-1,-1))
sent msg: AM_AVATAR_MOVE (AvatarId = 0, Direction = 8)
received msg: AM_AVATAR_TURN (TurnId: 1,, a0 = (0,2), a1 = (3,1), a2 = (-1,-1), a3 = (-1,-1), a4 = (-1,-1), a5 = (-1,-1), a6 = (-1,-1), a7 = (-1,-1), a8 = (-1,-1), a9 = (-1,-1))
sent msg: AM_AVATAR_MOVE (AvatarId = 1, Direction = 1)
received msg: AM_AVATAR_TURN (TurnId: 0,, a0 = (0,2), a1 = (3,1), a2 = (-1,-1), a3 = (-1,-1), a4 = (-1,-1), a5 = (-1,-1), a6 = (-1,-1), a7 = (-1,-1), a8 = (-1,-1), a9 = (-1,-1))
sent msg: AM_AVATAR_MOVE (AvatarId = 0, Direction = 8)
received msg: AM_AVATAR_TURN (TurnId: 1,, a0 = (0,2), a1 = (3,1), a2 = (-1,-1), a3 = (-1,-1), a4 = (-1,-1), a5 = (-1,-1), a6 = (-1,-1), a7 = (-1,-1), a8 = (-1,-1), a9 = (-1,-1))
sent msg: AM_AVATAR_MOVE (AvatarId = 1, Direction = 3)
received msg: AM_AVATAR_TURN (TurnId: 0,, a0 = (0,2), a1 = (3,1), a2 = (-1,-1), a3 = (-1,-1), a4 = (-1,-1), a5 = (-1,-1), a6 = (-1,-1), a7 = (-1,-1), a8 = (-1,-1), a9 = (-1,-1))
sent msg: AM_AVATAR_MOVE (AvatarId = 0, Direction = 8)
received msg: AM_AVATAR_TURN (TurnId: 1,, a0 = (0,2), a1 = (3,1), a2 = (-1,-1), a3 = (-1,-1), a4 = (-1,-1), a5 = (-1,-1), a6 = (-1,-1), a7 = (-1,-1), a8 = (-1,-1), a9 = (-1,-1))
sent msg: AM_AVATAR_MOVE (AvatarId = 1, Direction = 2)
received msg: AM_AVATAR_TURN (TurnId: 0,, a0 = (0,2), a1 = (3,2), a2 = (-1,-1), a3 = (-1,-1), a4 = (-1,-1), a5 = (-1,-1), a6 = (-1,-1), a7 = (-1,-1), a8 = (-1,-1), a9 = (-1,-1))
sent msg: AM_AVATAR_MOVE (AvatarId = 0, Direction = 8)
received msg: AM_AVATAR_TURN (TurnId: 1,, a0 = (0,2), a1 = (3,2), a2 = (-1,-1), a3 = (-1,-1), a4 = (-1,-1), a5 = (-1,-1), a6 = (-1,-1), a7 = (-1,-1), a8 = (-1,-1), a9 = (-1,-1))
sent msg: AM_AVATAR_MOVE (AvatarId = 1, Direction = 3)
received msg: AM_AVATAR_TURN (TurnId: 0,, a0 = (0,2), a1 = (4,2), a2 = (-1,-1), a3 = (-1,-1), a4 = (-1,-1), a5 = (-1,-1), a6 = (-1,-1), a7 = (-1,-1), a8 = (-1,-1), a9 = (-1,-1))
sent msg: AM_AVATAR_MOVE (AvatarId = 0, Direction = 8)
received msg: AM_AVATAR_TURN (TurnId: 1,, a0 = (0,2), a1 = (4,2), a2 = (-1,-1), a3 = (-1,-1), a4 = (-1,-1), a5 = (-1,-1), a6 = (-1,-1), a7 = (-1,-1), a8 = (-1,-1), a9 = (-1,-1))
sent msg: AM_AVATAR_MOVE (AvatarId = 1, Direction = 1)
received msg: AM_AVATAR_TURN (TurnId: 0,, a0 = (0,2), a1 = (4,2), a2 = (-1,-1), a3 = (-1,-1), a4 = (-1,-1), a5 = (-1,-1), a6 = (-1,-1), a7 = (-1,-1), a8 = (-1,-1), a9 = (-1,-1))
sent msg: AM_AVATAR_MOVE (AvatarId = 0, Direction = 8)
received msg: AM_AVATAR_TURN (TurnId: 1,, a0 = (0,2), a1 = (4,2), a2 = (-1,-1), a3 = (-1,-1), a4 = (-1,-1), a5 = (-1,-1), a6 = (-1,-1), a7 = (-1,-1), a8 = (-1,-1), a9 = (-1,-1))
sent msg: AM_AVATAR_MOVE (AvatarId = 1, Direction = 3)
received msg: AM_AVATAR_TURN (TurnId: 0,, a0 = (0,2), a1 = (4,2), a2 = (-1,-1), a3 = (-1,-1), a4 = (-1,-1), a5 = (-1,-1), a6 = (-1,-1), a7 = (-1,-1), a8 = (-1,-1), a9 = (-1,-1))
sent msg: AM_AVATAR_MOVE (AvatarId = 0, Direction = 8)
received msg: AM_AVATAR_TURN (TurnId: 1,, a0 = (0,2), a1 = (4,2), a2 = (-1,-1), a3 = (-1,-1), a4 = (-1,-1), a5 = (-1,-1), a6 = (-1,-1), a7 = (-1,-1), a8 = (-1,-1), a9 = (-1,-1))
sent msg: AM_AVATAR_MOVE (AvatarId = 1, Direction = 2)
received msg: AM_AVATAR_TURN (TurnId: 0,, a0 = (0,2), a1 = (4,3), a2 = (-1,-1), a3 = (-1,-1), a4 = (-1,-1), a5 = (-1,-1), a6 = (-1,-1), a7 = (-1,-1), a8 = (-1,-1), a9 = (-1,-1))
sent msg: AM_AVATAR_MOVE (AvatarId = 0, Direction = 8)
received msg: AM_AVATAR_TURN (TurnId: 1,, a0 = (0,2), a1 = (4,3), a2 = (-1,-1), a3 = (-1,-1), a4 = (-1,-1), a5 = (-1,-1), a6 = (-1,-1), a7 = (-1,-1), a8 = (-1,-1), a9 = (-1,-1))
sent msg: AM_AVATAR_MOVE (AvatarId = 1, Direction = 3)
received msg: AM_AVATAR_TURN (TurnId: 0,, a0 = (0,2), a1 = (4,3), a2 = (-1,-1), a3 = (-1,-1), a4 = (-1,-1), a5 = (-1,-1), a6 = (-1,-1), a7 = (-1,-1), a8 = (-1,-1), a9 = (-1,-1))
sent msg: AM_AVATAR_MOVE (AvatarId = 0, Direction = 8)
received msg: AM_AVATAR_TURN (TurnId: 1,, a0 = (0,2), a1 = (4,3), a2 = (-1,-1), a3 = (-1,-1), a4 = (-1,-1), a5 = (-1,-1), a6 = (-1,-1), a7 = (-1,-1), a8 = (-1,-1), a9 = (-1,-1))
sent msg: AM_AVATAR_MOVE (AvatarId = 1, Direction = 2)
received msg: AM_AVATAR_TURN (TurnId: 0,, a0 = (0,2), a1 = (4,3), a2 = (-1,-1), a3 = (-1,-1), a4 = (-1,-1), a5 = (-1,-1), a6 = (-1,-1), a7 = (-1,-1), a8 = (-1,-1), a9 = (-1,-1))
sent msg: AM_AVATAR_MOVE (AvatarId = 0, Direction = 8)
received msg: AM_AVATAR_TURN (TurnId: 1,, a0 = (0,2), a1 = (4,3), a2 = (-1,-1), a3 = (-1,-1), a4 = (-1,-1), a5 = (-1,-1), a6 = (-1,-1), a7 = (-1,-1), a8 = (-1,-1), a9 = (-1,-1))
sent msg: AM_AVATAR_MOVE (AvatarId = 1, Direction = 0)
received msg: AM_AVATAR_TURN (TurnId: 0,, a0 = (0,2), a1 = (3,3), a2 = (-1,-1), a3 = (-1,-1), a4 = (-1,-1), a5 = (-1,-1), a6 = (-1,-1), a7 = (-1,-1), a8 = (-1,-1), a9 = (-1,-1))
sent msg: AM_AVATAR_MOVE (AvatarId = 0, Direction = 8)
received msg: AM_AVATAR_TURN (TurnId: 1,, a0 = (0,2), a1 = (3,3), a2 = (-1,-1), a3 = (-1,-1), a4 = (-1,-1), a5 = (-1,-1), a6 = (-1,-1), a7 = (-1,-1), a8 = (-1,-1), a9 = (-1,-1))
sent msg: AM_AVATAR_MOVE (AvatarId = 1, Direction = 2)
received msg: AM_AVATAR_TURN (TurnId: 0,, a0 = (0,2), a1 = (3,3), a2 = (-1,-1), a3 = (-1,-1), a4 = (-1,-1), a5 = (-1,-1), a6 = (-1,-1), a7 = (-1,-1), a8 = (-1,-1), a9 = (-1,-1))
sent msg: AM_AVATAR_MOVE (AvatarId = 0, Direction = 8)
received msg: AM_AVATAR_TURN (TurnId: 1,, a0 = (0,2), a1 = (3,3), a2 = (-1,-1), a3 = (-1,-1), a4 = (-1,-1), a5 = (-1,-1), a6 = (-1,-1), a7 = (-1,-1), a8 = (-1,-1), a9 = (-1,-1))
sent msg: AM_AVATAR_MOVE (AvatarId = 1, Direction = 0)
received msg: AM_AVATAR_TURN (TurnId: 0,, a0 = (0,2), a1 = (2,3), a2 = (-1,-1), a3 = (-1,-1), a4 = (-1,-1), a5 = (-1,-1), a6 = (-1,-1), a7 = (-1,-1), a8 = (-1,-1), a9 = (-1,-1))
sent msg: AM_AVATAR_MOVE (AvatarId = 0, Direction = 8)
received msg: AM_AVATAR_TURN (TurnId: 1,, a0 = (0,2), a1 = (2,3), a2 = (-1,-1), a3 = (-1,-1), a4 = (-1,-1), a5 = (-1,-1), a6 = (-1,-1), a7 = (-1,-1), a8 = (-1,-1), a9 = (-1,-1))
sent msg: AM_AVATAR_MOVE (AvatarId = 1, Direction = 2)
received msg: AM_AVATAR_TURN (TurnId: 0,, a0 = (0,2), a1 = (2,4), a2 = (-1,-1), a3 = (-1,-1), a4 = (-1,-1), a5 = (-1,-1), a6 = (-1,-1), a7 = (-1,-1), a8 = (-1,-1), a9 = (-1,-1))
sent msg: AM_AVATAR_MOVE (AvatarId = 0, Direction = 8)
received msg: AM_AVATAR_TURN (TurnId: 1,, a0 = (0,2), a1 = (2,4), a2 = (-1,-1), a3 = (-1,-1), a4 = (-1,-1), a5 = (-1,-1), a6 = (-1,-1), a7 = (-1,-1), a8 = (-1,-1), a9 = (-1,-1))
sent msg: AM_AVATAR_MOVE (AvatarId = 1, Direction = 3)
received msg: AM_AVATAR_TURN (TurnId: 0,, a0 = (0,2), a1 = (3,4), a2 = (-1,-1), a3 = (-1,-1), a4 = (-1,-1), a5 = (-1,-1), a6 = (-1,-1), a7 = (-1,-1), a8 = (-1,-1), a9 = (-1,-1))
sent msg: AM_AVATAR_MOVE (AvatarId = 0, Direction = 8)
received msg: AM_AVATAR_TURN (TurnId: 1,, a0 = (0,2), a1 = (3,4), a2 = (-1,-1), a3 = (-1,-1), a4 = (-1,-1), a5 = (-1,-1), a6 = (-1,-1), a7 = (-1,-1), a8 = (-1,-1), a9 = (-1,-1))
sent msg: AM_AVATAR_MOVE (AvatarId = 1, Direction = 1)
received msg: AM_AVATAR_TURN (TurnId: 0,, a0 = (0,2), a1 = (3,4), a2 = (-1,-1), a3 = (-1,-1), a4 = (-1,-1), a5 = (-1,-1), a6 = (-1,-1), a7 = (-1,-1), a8 = (-1,-1), a9 = (-1,-1))
sent msg: AM_AVATAR_MOVE (AvatarId = 0, Direction = 8)
received msg: AM_AVATAR_TURN (TurnId: 1,, a0 = (0,2), a1 = (3,4), a2 = (-1,-1), a3 = (-1,-1), a4 = (-1,-1), a5 = (-1,-1), a6 = (-1,-1), a7 = (-1,-1), a8 = (-1,-1), a9 = (-1,-1))
sent msg: AM_AVATAR_MOVE (AvatarId = 1, Direction = 3)
received msg: AM_AVATAR_TURN (TurnId: 0,, a0 = (0,2), a1 = (4,4), a2 = (-1,-1), a3 = (-1,-1), a4 = (-1,-1), a5 = (-1,-1), a6 = (-1,-1), a7 = (-1,-1), a8 = (-1,-1), a9 = (-1,-1))
sent msg: AM_AVATAR_MOVE (AvatarId = 0, Direction = 8)
received msg: AM_AVATAR_TURN (TurnId: 1,, a0 = (0,2), a1 = (4,4), a2 = (-1,-1), a3 = (-1,-1), a4 = (-1,-1), a5 = (-1,-1), a6 = (-1,-1), a7 = (-1,-1), a8 = (-1,-1), a9 = (-1,-1))
sent msg: AM_AVATAR_MOVE (AvatarId = 1, Direction = 1)
received msg: AM_AVATAR_TURN (TurnId: 0,, a0 = (0,2), a1 = (4,4), a2 = (-1,-1), a3 = (-1,-1), a4 = (-1,-1), a5 = (-1,-1), a6 = (-1,-1), a7 = (-1,-1), a8 = (-1,-1), a9 = (-1,-1))
sent msg: AM_AVATAR_MOVE (AvatarId = 0, Direction = 8)
received msg: AM_AVATAR_TURN (TurnId: 1,, a0 = (0,2), a1 = (4,4), a2 = (-1,-1), a3 = (-1,-1), a4 = (-1,-1), a5 = (-1,-1), a6 = (-1,-1), a7 = (-1,-1), a8 = (-1,-1), a9 = (-1,-1))
sent msg: AM_AVATAR_MOVE (AvatarId = 1, Direction = 3)
received msg: AM_AVATAR_TURN (TurnId: 0,, a0 = (0,2), a1 = (4,4), a2 = (-1,-1), a3 = (-1,-1), a4 = (-1,-1), a5 = (-1,-1), a6 = (-1,-1), a7 = (-1,-1), a8 = (-1,-1), a9 = (-1,-1))
sent msg: AM_AVATAR_MOVE (AvatarId = 0, Direction = 8)
received msg: AM_AVATAR_TURN (TurnId: 1,, a0 = (0,2), a1 = (4,4), a2 = (-1,-1), a3 = (-1,-1), a4 = (-1,-1), a5 = (-1,-1), a6 = (-1,-1), a7 = (-1,-1), a8 = (-1,-1), a9 = (-1,-1))
sent msg: AM_AVATAR_MOVE (AvatarId = 1, Direction = 2)
received msg: AM_AVATAR_TURN (TurnId: 0,, a0 = (0,2), a1 = (4,4), a2 = (-1,-1), a3 = (-1,-1), a4 = (-1,-1), a5 = (-1,-1), a6 = (-1,-1), a7 = (-1,-1), a8 = (-1,-1), a9 = (-1,-1))
sent msg: AM_AVATAR_MOVE (AvatarId = 0, Direction = 8)
received msg: AM_AVATAR_TURN (TurnId: 1,, a0 = (0,2), a1 = (4,4), a2 = (-1,-1), a3 = (-1,-1), a4 = (-1,-1), a5 = (-1,-1), a6 = (-1,-1), a7 = (-1,-1), a8 = (-1,-1), a9 = (-1,-1))
sent msg: AM_AVATAR_MOVE (AvatarId = 1, Direction = 0)
received msg: AM_AVATAR_TURN (TurnId: 0,, a0 = (0,2), a1 = (3,4), a2 = (-1,-1), a3 = (-1,-1), a4 = (-1,-1), a5 = (-1,-1), a6 = (-1,-1), a7 = (-1,-1), a8 = (-1,-1), a9 = (-1,-1))
sent msg: AM_AVATAR_MOVE (AvatarId = 0, Direction = 8)
received msg: AM_AVATAR_TURN (TurnId: 1,, a0 = (0,2), a1 = (3,4), a2 = (-1,-1), a3 = (-1,-1), a4 = (-1,-1), a5 = (-1,-1), a6 = (-1,-1), a7 = (-1,-1), a8 = (-1,-1), a9 = (-1,-1))
sent msg: AM_AVATAR_MOVE (AvatarId = 1, Direction = 2)
received msg: AM_AVATAR_TURN (TurnId: 0,, a0 = (0,2), a1 = (3,4), a2 = (-1,-1), a3 = (-1,-1), a4 = (-1,-1), a5 = (-1,-1), a6 = (-1,-1), a7 = (-1,-1), a8 = (-1,-1), a9 = (-1,-1))
sent msg: AM_AVATAR_MOVE (AvatarId = 0, Direction = 8)
received msg: AM_AVATAR_TURN (TurnId: 1,, a0 = (0,2), a1 = (3,4), a2 = (-1,-1), a3 = (-1,-1), a4 = (-1,-1), a5 = (-1,-1), a6 = (-1,-1), a7 = (-1,-1), a8 = (-1,-1), a9 = (-1,-1))
sent msg: AM_AVATAR_MOVE (AvatarId = 1, Direction = 0)
received msg: AM_AVATAR_TURN (TurnId: 0,, a0 = (0,2), a1 = (2,4), a2 = (-1,-1), a3 = (-1,-1), a4 = (-1,-1), a5 = (-1,-1), a6 = (-1,-1), a7 = (-1,-1), a8 = (-1,-1), a9 = (-1,-1))
sent msg: AM_AVATAR_MOVE (AvatarId = 0, Direction = 8)
received msg: AM_AVATAR_TURN (TurnId: 1,, a0 = (0,2), a1 = (2,4), a2 = (-1,-1), a3 = (-1,-1), a4 = (-1,-1), a5 = (-1,-1), a6 = (-1,-1), a7 = (-1,-1), a8 = (-1,-1), a9 = (-1,-1))
sent msg: AM_AVATAR_MOVE (AvatarId = 1, Direction = 2)
received msg: AM_AVATAR_TURN (TurnId: 0,, a0 = (0,2), a1 = (2,4), a2 = (-1,-1), a3 = (-1,-1), a4 = (-1,-1), a5 = (-1,-1), a6 = (-1,-1), a7 = (-1,-1), a8 = (-1,-1), a9 = (-1,-1))
sent msg: AM_AVATAR_MOVE (AvatarId = 0, Direction = 8)
received msg: AM_AVATAR_TURN (TurnId: 1,, a0 = (0,2), a1 = (2,4), a2 = (-1,-1), a3 = (-1,-1), a4 = (-1,-1), a5 = (-1,-1), a6 = (-1,-1), a7 = (-1,-1), a8 = (-1,-1), a9 = (-1,-1))
sent msg: AM_AVATAR_MOVE (AvatarId = 1, Direction = 0)
received msg: AM_AVATAR_TURN (TurnId: 0,, a0 = (0,2), a1 = (1,4), a2 = (-1,-1), a3 = (-1,-1), a4 = (-1,-1), a5 = (-1,-1), a6 = (-1,-1), a7 = (-1,-1), a8 = (-1,-1), a9 = (-1,-1))
sent msg: AM_AVATAR_MOVE (AvatarId = 0, Direction = 8)
received msg: AM_AVATAR_TURN (TurnId: 1,, a0 = (0,2), a1 = (1,4), a2 = (-1,-1), a3 = (-1,-1), a4 = (-1,-1), a5 = (-1,-1), a6 = (-1,-1), a7 = (-1,-1), a8 = (-1,-1), a9 = (-1,-1))
sent msg: AM_AVATAR_MOVE (AvatarId = 1, Direction = 2)
received msg: AM_AVATAR_TURN (TurnId: 0,, a0 = (0,2), a1 = (1,4), a2 = (-1,-1), a3 = (-1,-1), a4 = (-1,-1), a5 = (-1,-1), a6 = (-1,-1), a7 = (-1,-1), a8 = (-1,-1), a9 = (-1,-1))
sent msg: AM_AVATAR_MOVE (AvatarId = 0, Direction = 8)
received msg: AM_AVATAR_TURN (TurnId: 1,, a0 = (0,2), a1 = (1,4), a2 = (-1,-1), a3 = (-1,-1), a4 = (-1,-1), a5 = (-1,-1), a6 = (-1,-1), a7 = (-1,-1), a8 = (-1,-1), a9 = (-1,-1))
sent msg: AM_AVATAR_MOVE (AvatarId = 1, Direction = 0)
received msg: AM_AVATAR_TURN (TurnId: 0,, a0 = (0,2), a1 = (1,4), a2 = (-1,-1), a3 = (-1,-1), a4 = (-1,-1), a5 = (-1,-1), a6 = (-1,-1), a7 = (-1,-1), a8 = (-1,-1), a9 = (-1,-1))
sent msg: AM_AVATAR_MOVE (AvatarId = 0, Direction = 8)
received msg: AM_AVATAR_TURN (TurnId: 1,, a0 = (0,2), a1 = (1,4), a2 = (-1,-1), a3 = (-1,-1), a4 = (-1,-1), a5 = (-1,-1), a6 = (-1,-1), a7 = (-1,-1), a8 = (-1,-1), a9 = (-1,-1))
sent msg: AM_AVATAR_MOVE (AvatarId = 1, Direction = 1)
received msg: AM_AVATAR_TURN (TurnId: 0,, a0 = (0,2), a1 = (1,3), a2 = (-1,-1), a3 = (-1,-1), a4 = (-1,-1), a5 = (-1,-1), a6 = (-1,-1), a7 = (-1,-1), a8 = (-1,-1), a9 = (-1,-1))
sent msg: AM_AVATAR_MOVE (AvatarId = 0, Direction = 8)
received msg: AM_AVATAR_TURN (TurnId: 1,, a0 = (0,2), a1 = (1,3), a2 = (-1,-1), a3 = (-1,-1), a4 = (-1,-1), a5 = (-1,-1), a6 = (-1,-1), a7 = (-1,-1), a8 = (-1,-1), a9 = (-1,-1))
sent msg: AM_AVATAR_MOVE (AvatarId = 1, Direction = 0)
received msg: AM_AVATAR_TURN (TurnId: 0,, a0 = (0,2), a1 = (0,3), a2 = (-1,-1), a3 = (-1,-1), a4 = (-1,-1), a5 = (-1,-1), a6 = (-1,-1), a7 = (-1,-1), a8 = (-1,-1), a9 = (-1,-1))
sent msg: AM_AVATAR_MOVE (AvatarId = 0, Direction = 8)
received msg: AM_AVATAR_TURN (TurnId: 1,, a0 = (0,2), a1 = (0,3), a2 = (-1,-1), a3 = (-1,-1), a4 = (-1,-1), a5 = (-1,-1), a6 = (-1,-1), a7 = (-1,-1), a8 = (-1,-1), a9 = (-1,-1))
sent msg: AM_AVATAR_MOVE (AvatarId = 1, Direction = 2)
received msg: AM_AVATAR_TURN (TurnId: 0,, a0 = (0,2), a1 = (0,4), a2 = (-1,-1), a3 = (-1,-1), a4 = (-1,-1), a5 = (-1,-1), a6 = (-1,-1), a7 = (-1,-1), a8 = (-1,-1), a9 = (-1,-1))
sent msg: AM_AVATAR_MOVE (AvatarId = 0, Direction = 8)
received msg: AM_AVATAR_TURN (TurnId: 1,, a0 = (0,2), a1 = (0,4), a2 = (-1,-1), a3 = (-1,-1), a4 = (-1,-1), a5 = (-1,-1), a6 = (-1,-1), a7 = (-1,-1), a8 = (-1,-1), a9 = (-1,-1))
sent msg: AM_AVATAR_MOVE (AvatarId = 1, Direction = 3)
received msg: AM_AVATAR_TURN (TurnId: 0,, a0 = (0,2), a1 = (0,4), a2 = (-1,-1), a3 = (-1,-1), a4 = (-1,-1), a5 = (-1,-1), a6 = (-1,-1), a7 = (-1,-1), a8 = (-1,-1), a9 = (-1,-1))
sent msg: AM_AVATAR_MOVE (AvatarId = 0, Direction = 8)
received msg: AM_AVATAR_TURN (TurnId: 1,, a0 = (0,2), a1 = (0,4), a2 = (-1,-1), a3 = (-1,-1), a4 = (-1,-1), a5 = (-1,-1), a6 = (-1,-1), a7 = (-1,-1), a8 = (-1,-1), a9 = (-1,-1))
sent msg: AM_AVATAR_MOVE (AvatarId = 1, Direction = 2)
received msg: AM_AVATAR_TURN (TurnId: 0,, a0 = (0,2), a1 = (0,4), a2 = (-1,-1), a3 = (-1,-1), a4 = (-1,-1), a5 = (-1,-1), a6 = (-1,-1), a7 = (-1,-1), a8 = (-1,-1), a9 = (-1,-1))
sent msg: AM_AVATAR_MOVE (AvatarId = 0, Direction = 8)
received msg: AM_AVATAR_TURN (TurnId: 1,, a0 = (0,2), a1 = (0,4), a2 = (-1,-1), a3 = (-1,-1), a4 = (-1,-1), a5 = (-1,-1), a6 = (-1,-1), a7 = (-1,-1), a8 = (-1,-1), a9 = (-1,-1))
sent msg: AM_AVATAR_MOVE (AvatarId = 1, Direction = 0)
received msg: AM_AVATAR_TURN (TurnId: 0,, a0 = (0,2), a1 = (0,4), a2 = (-1,-1), a3 = (-1,-1), a4 = (-1,-1), a5 = (-1,-1), a6 = (-1,-1), a7 = (-1,-1), a8 = (-1,-1), a9 = (-1,-1))
sent msg: AM_AVATAR_MOVE (AvatarId = 0, Direction = 8)
received msg: AM_AVATAR_TURN (TurnId: 1,, a0 = (0,2), a1 = (0,4), a2 = (-1,-1), a3 = (-1,-1), a4 = (-1,-1), a5 = (-1,-1), a6 = (-1,-1), a7 = (-1,-1), a8 = (-1,-1), a9 = (-1,-1))
sent msg: AM_AVATAR_MOVE (AvatarId = 1, Direction = 1)
received msg: AM_AVATAR_TURN (TurnId: 0,, a0 = (0,2), a1 = (0,3), a2 = (-1,-1), a3 = (-1,-1), a4 = (-1,-1), a5 = (-1,-1), a6 = (-1,-1), a7 = (-1,-1), a8 = (-1,-1), a9 = (-1,-1))
sent msg: AM_AVATAR_MOVE (AvatarId = 0, Direction = 8)
received msg: AM_AVATAR_TURN (TurnId: 1,, a0 = (0,2), a1 = (0,3), a2 = (-1,-1), a3 = (-1,-1), a4 = (-1,-1), a5 = (-1,-1), a6 = (-1,-1), a7 = (-1,-1), a8 = (-1,-1), a9 = (-1,-1))
sent msg: AM_AVATAR_MOVE (AvatarId = 1, Direction = 0)
received msg: AM_AVATAR_TURN (TurnId: 0,, a0 = (0,2), a1 = (0,3), a2 = (-1,-1), a3 = (-1,-1), a4 = (-1,-1), a5 = (-1,-1), a6 = (-1,-1), a7 = (-1,-1), a8 = (-1,-1), a9 = (-1,-1))
sent msg: AM_AVATAR_MOVE (AvatarId = 0, Direction = 8)
received msg: AM_AVATAR_TURN (TurnId: 1,, a0 = (0,2), a1 = (0,3), a2 = (-1,-1), a3 = (-1,-1), a4 = (-1,-1), a5 = (-1,-1), a6 = (-1,-1), a7 = (-1,-1), a8 = (-1,-1), a9 = (-1,-1))
sent msg: AM_AVATAR_MOVE (AvatarId = 1, Direction = 1)
Success! Maze solved. nAvatars: 2 Difficulty: 0 Moves: 77 Hash: 1967968940 Sun Mar  6 16:31:33 2016
